WARNING:root:You are using evm version 1.8.2. The supported version is 1.7.3
WARNING:root:You are using solc version 0.4.25, The latest supported version is 0.4.19
INFO:root:contract /contracts/Gambling/0x9F91b5Aa41b9fbDae6877593910586484d291F05.sol:FairHouse:
INFO:symExec:	============ Results ===========
INFO:symExec:	  EVM Code Coverage: 			 42.4%
INFO:symExec:	  Integer Underflow: 			 True
INFO:symExec:	  Integer Overflow: 			 True
INFO:symExec:	  Parity Multisig Bug 2: 		 False
INFO:symExec:	  Callstack Depth Attack Vulnerability:  False
INFO:symExec:	  Transaction-Ordering Dependence (TOD): False
INFO:symExec:	  Timestamp Dependency: 		 False
INFO:symExec:	  Re-Entrancy Vulnerability: 		 False
INFO:symExec:/contracts/Gambling/0x9F91b5Aa41b9fbDae6877593910586484d291F05.sol:337:28: Warning: Integer Underflow.
        uint commit = uint(keccak256(abi.encodePacked(reveal))
Integer Underflow occurs if:
    croupier = 0
INFO:symExec:/contracts/Gambling/0x9F91b5Aa41b9fbDae6877593910586484d291F05.sol:517:17: Warning: Integer Overflow.
        return (playerXpid[pidXaddr[addr]].name
/contracts/Gambling/0x9F91b5Aa41b9fbDae6877593910586484d291F05.sol:322:9: Warning: Integer Overflow.
        require (block.number > bet.placeBlockNumber, "settleBet in the same block as placeBet, or before.")
Integer Overflow occurs if:
    croupier = 0
/contracts/Gambling/0x9F91b5Aa41b9fbDae6877593910586484d291F05.sol:486:24: Warning: Integer Overflow.
        bytes32 name = NameFilter.nameFilter(nameStr)
INFO:symExec:	====== Analysis Completed ======
INFO:root:contract /contracts/Gambling/0x9F91b5Aa41b9fbDae6877593910586484d291F05.sol:NameFilter:
INFO:symExec:	============ Results ===========
INFO:symExec:	  EVM Code Coverage: 			 100.0%
INFO:symExec:	  Integer Underflow: 			 False
INFO:symExec:	  Integer Overflow: 			 False
INFO:symExec:	  Parity Multisig Bug 2: 		 False
INFO:symExec:	  Callstack Depth Attack Vulnerability:  False
INFO:symExec:	  Transaction-Ordering Dependence (TOD): False
INFO:symExec:	  Timestamp Dependency: 		 False
INFO:symExec:	  Re-Entrancy Vulnerability: 		 False
INFO:symExec:	====== Analysis Completed ======
INFO:root:contract /contracts/Gambling/0x9F91b5Aa41b9fbDae6877593910586484d291F05.sol:SafeMath:
INFO:symExec:	============ Results ===========
INFO:symExec:	  EVM Code Coverage: 			 100.0%
INFO:symExec:	  Integer Underflow: 			 False
INFO:symExec:	  Integer Overflow: 			 False
INFO:symExec:	  Parity Multisig Bug 2: 		 False
INFO:symExec:	  Callstack Depth Attack Vulnerability:  False
INFO:symExec:	  Transaction-Ordering Dependence (TOD): False
INFO:symExec:	  Timestamp Dependency: 		 False
INFO:symExec:	  Re-Entrancy Vulnerability: 		 False
INFO:symExec:	====== Analysis Completed ======